[2018-04-06 20:49:46] Текст ошибки: Не найден вид D:\gshop\gshop/app/views//THEME/Main/index.php | Файл D:\gshop\gshop\vendor\gshop\core\base\View.php | Строка: 46
 --------------- 
[2018-04-06 20:49:46] Текст ошибки: Страница favicon.ico не найдена | Файл D:\gshop\gshop\vendor\gshop\core\Router.php | Строка: 46
 --------------- 
[2018-04-06 20:50:41] Текст ошибки: Не найден вид D:\gshop\gshop/app/views/{THEME}/Main/index.php | Файл D:\gshop\gshop\vendor\gshop\core\base\View.php | Строка: 46
 --------------- 
[2018-04-06 20:50:41] Текст ошибки: Страница favicon.ico не найдена | Файл D:\gshop\gshop\vendor\gshop\core\Router.php | Строка: 46
 --------------- 
[2018-04-06 20:50:43] Текст ошибки: Не найден вид D:\gshop\gshop/app/views/{THEME}/Main/index.php | Файл D:\gshop\gshop\vendor\gshop\core\base\View.php | Строка: 46
 --------------- 
[2018-04-06 20:50:43] Текст ошибки: Страница favicon.ico не найдена | Файл D:\gshop\gshop\vendor\gshop\core\Router.php | Строка: 46
 --------------- 
[2018-04-06 20:51:39] Текст ошибки: Не найден вид D:\gshop\gshop/app/views//themes/default/Main/index.php | Файл D:\gshop\gshop\vendor\gshop\core\base\View.php | Строка: 46
 --------------- 
[2018-04-06 20:51:39] Текст ошибки: Страница favicon.ico не найдена | Файл D:\gshop\gshop\vendor\gshop\core\Router.php | Строка: 46
 --------------- 
[2018-04-06 20:54:32] Текст ошибки: Страница product.html не найдена | Файл D:\gshop\gshop\vendor\gshop\core\Router.php | Строка: 46
 --------------- 
[2018-04-06 20:54:32] Текст ошибки: Страница favicon.ico не найдена | Файл D:\gshop\gshop\vendor\gshop\core\Router.php | Строка: 46
 --------------- 
[2018-04-06 20:54:39] Текст ошибки: Не найден шаблон default | Файл D:\gshop\gshop\vendor\gshop\core\base\View.php | Строка: 53
 --------------- 
[2018-04-06 20:54:39] Текст ошибки: Страница favicon.ico не найдена | Файл D:\gshop\gshop\vendor\gshop\core\Router.php | Строка: 46
 --------------- 
[2018-04-06 20:54:43] Текст ошибки: Не найден шаблон default | Файл D:\gshop\gshop\vendor\gshop\core\base\View.php | Строка: 53
 --------------- 
[2018-04-06 20:54:43] Текст ошибки: Страница favicon.ico не найдена | Файл D:\gshop\gshop\vendor\gshop\core\Router.php | Строка: 46
 --------------- 
[2018-04-06 20:55:49] Текст ошибки: Не найден шаблон default | Файл D:\gshop\gshop\vendor\gshop\core\base\View.php | Строка: 53
 --------------- 
[2018-04-06 20:55:49] Текст ошибки: Страница favicon.ico не найдена | Файл D:\gshop\gshop\vendor\gshop\core\Router.php | Строка: 46
 --------------- 
[2018-04-06 20:55:50] Текст ошибки: Не найден шаблон default | Файл D:\gshop\gshop\vendor\gshop\core\base\View.php | Строка: 53
 --------------- 
[2018-04-06 20:55:50] Текст ошибки: Страница favicon.ico не найдена | Файл D:\gshop\gshop\vendor\gshop\core\Router.php | Строка: 46
 --------------- 
[2018-04-06 20:55:51] Текст ошибки: Не найден шаблон default | Файл D:\gshop\gshop\vendor\gshop\core\base\View.php | Строка: 53
 --------------- 
[2018-04-06 20:55:51] Текст ошибки: Страница favicon.ico не найдена | Файл D:\gshop\gshop\vendor\gshop\core\Router.php | Строка: 46
 --------------- 
[2018-04-06 20:55:51] Текст ошибки: Не найден шаблон default | Файл D:\gshop\gshop\vendor\gshop\core\base\View.php | Строка: 53
 --------------- 
[2018-04-06 20:55:51] Текст ошибки: Страница favicon.ico не найдена | Файл D:\gshop\gshop\vendor\gshop\core\Router.php | Строка: 46
 --------------- 
[2018-04-06 20:55:52] Текст ошибки: Не найден шаблон default | Файл D:\gshop\gshop\vendor\gshop\core\base\View.php | Строка: 53
 --------------- 
[2018-04-06 20:55:52] Текст ошибки: Страница favicon.ico не найдена | Файл D:\gshop\gshop\vendor\gshop\core\Router.php | Строка: 46
 --------------- 
[2018-04-06 20:56:15] Текст ошибки: Не найден шаблон default | Файл D:\gshop\gshop\vendor\gshop\core\base\View.php | Строка: 53
 --------------- 
[2018-04-06 20:56:15] Текст ошибки: Страница favicon.ico не найдена | Файл D:\gshop\gshop\vendor\gshop\core\Router.php | Строка: 46
 --------------- 
[2018-04-06 20:57:05] Текст ошибки: Не найден шаблон default | Файл D:\gshop\gshop\vendor\gshop\core\base\View.php | Строка: 53
 --------------- 
[2018-04-06 20:57:05] Текст ошибки: Страница favicon.ico не найдена | Файл D:\gshop\gshop\vendor\gshop\core\Router.php | Строка: 46
 --------------- 
[2018-04-06 20:57:39] Текст ошибки: Не найден шаблон default | Файл D:\gshop\gshop\vendor\gshop\core\base\View.php | Строка: 54
 --------------- 
[2018-04-06 20:57:39] Текст ошибки: Страница favicon.ico не найдена | Файл D:\gshop\gshop\vendor\gshop\core\Router.php | Строка: 46
 --------------- 
[2018-04-06 20:58:19] Текст ошибки: Не найден шаблон default | Файл D:\gshop\gshop\vendor\gshop\core\base\View.php | Строка: 54
 --------------- 
[2018-04-06 20:58:19] Текст ошибки: Страница favicon.ico не найдена | Файл D:\gshop\gshop\vendor\gshop\core\Router.php | Строка: 46
 --------------- 
[2018-04-06 20:58:33] Текст ошибки: Не найден шаблон default | Файл D:\gshop\gshop\vendor\gshop\core\base\View.php | Строка: 55
 --------------- 
[2018-04-06 20:58:33] Текст ошибки: Страница favicon.ico не найдена | Файл D:\gshop\gshop\vendor\gshop\core\Router.php | Строка: 46
 --------------- 
[2018-04-06 20:59:50] Текст ошибки: Не найден шаблон default | Файл D:\gshop\gshop\vendor\gshop\core\base\View.php | Строка: 55
 --------------- 
[2018-04-06 20:59:50] Текст ошибки: Страница favicon.ico не найдена | Файл D:\gshop\gshop\vendor\gshop\core\Router.php | Строка: 46
 --------------- 
[2018-04-07 07:09:32] Текст ошибки: Контроллер app\controllers\admin\MainController не найден | Файл D:\gshop\gshop\vendor\gshop\core\Router.php | Строка: 43
 --------------- 
[2018-04-07 07:09:32] Текст ошибки: Страница favicon.ico не найдена | Файл D:\gshop\gshop\vendor\gshop\core\Router.php | Строка: 46
 --------------- 
[2018-04-09 18:09:15] Текст ошибки: SQLSTATE[42S22]: Column not found: 1054 Unknown column 'base' in 'field list' | Файл D:\gshop\gshop\vendor\gabordemooij\redbean\RedBeanPHP\Driver\RPDO.php | Строка: 188
 --------------- 
[2018-04-09 18:09:16] Текст ошибки: Страница favicon.ico не найдена | Файл D:\gshop\gshop\vendor\gshop\core\Router.php | Строка: 46
 --------------- 
[2018-04-09 21:24:34] Текст ошибки: Страница favicon.ico не найдена | Файл D:\gshop\gshop\vendor\gshop\core\Router.php | Строка: 46
 --------------- 
[2018-04-09 21:27:42] Текст ошибки: Страница site.webmanifest не найдена | Файл D:\gshop\gshop\vendor\gshop\core\Router.php | Строка: 46
 --------------- 
[2018-04-09 21:27:48] Текст ошибки: Страница site.webmanifest не найдена | Файл D:\gshop\gshop\vendor\gshop\core\Router.php | Строка: 46
 --------------- 
[2018-04-09 21:28:07] Текст ошибки: Страница site.webmanifest не найдена | Файл D:\gshop\gshop\vendor\gshop\core\Router.php | Строка: 46
 --------------- 
